[ 2018-10-11T21:10:58+08:00 ] 127.0.0.1 /admin.php
INFO: [ app_init ] --START--
INFO: Run Behavior\BuildLiteBehavior [ RunTime:0.000014s ]
INFO: [ app_init ] --END-- [ RunTime:0.000579s ]
INFO: [ app_begin ] --START--
INFO: Run Behavior\ReadHtmlCacheBehavior [ RunTime:0.000827s ]
INFO: [ app_begin ] --END-- [ RunTime:0.000891s ]
NOTIC: [8] Undefined variable: sing_path F:\phpstudy\PHPTutorial\WWW\news\ThinkPHP\Common\functions.php 第 991 行.
NOTIC: [8] Undefined variable: module F:\phpstudy\PHPTutorial\WWW\news\ThinkPHP\Common\functions.php 第 994 行.
NOTIC: [8] Undefined variable: var F:\phpstudy\PHPTutorial\WWW\news\ThinkPHP\Common\functions.php 第 997 行.
NOTIC: [2] array_reverse() expects parameter 1 to be array, null given F:\phpstudy\PHPTutorial\WWW\news\ThinkPHP\Common\functions.php 第 997 行.
NOTIC: [2] http_build_query(): Parameter 1 expected to be Array or Object.  Incorrect value given F:\phpstudy\PHPTutorial\WWW\news\ThinkPHP\Common\functions.php 第 997 行.

[ 2018-10-11T21:10:58+08:00 ] 127.0.0.1 /admin.php?&c=login
INFO: [ app_init ] --START--
INFO: Run Behavior\BuildLiteBehavior [ RunTime:0.000007s ]
INFO: [ app_init ] --END-- [ RunTime:0.000274s ]
INFO: [ app_begin ] --START--
INFO: Run Behavior\ReadHtmlCacheBehavior [ RunTime:0.000443s ]
INFO: [ app_begin ] --END-- [ RunTime:0.000473s ]
INFO: [ view_parse ] --START--
INFO: [ template_filter ] --START--
INFO: Run Behavior\ContentReplaceBehavior [ RunTime:0.000026s ]
INFO: [ template_filter ] --END-- [ RunTime:0.000054s ]
INFO: Run Behavior\ParseTemplateBehavior [ RunTime:0.004283s ]
INFO: [ view_parse ] --END-- [ RunTime:0.004314s ]
INFO: [ view_filter ] --START--
INFO: Run Behavior\WriteHtmlCacheBehavior [ RunTime:0.000338s ]
INFO: [ view_filter ] --END-- [ RunTime:0.000359s ]
INFO: [ app_end ] --START--
INFO: Run Behavior\ShowPageTraceBehavior [ RunTime:0.000589s ]
INFO: [ app_end ] --END-- [ RunTime:0.000625s ]

[ 2018-10-11T21:11:28+08:00 ] 127.0.0.1 /admin.php?c=login&a=check
INFO: [ app_init ] --START--
INFO: Run Behavior\BuildLiteBehavior [ RunTime:0.000009s ]
INFO: [ app_init ] --END-- [ RunTime:0.000347s ]
INFO: [ app_begin ] --START--
INFO: Run Behavior\ReadHtmlCacheBehavior [ RunTime:0.001433s ]
INFO: [ app_begin ] --END-- [ RunTime:0.001497s ]
SQL: SHOW COLUMNS FROM `cms_admin` [ RunTime:0.0101s ]
SQL: SELECT * FROM `cms_admin` WHERE ( username="admin" ) LIMIT 1   [ RunTime:0.0003s ]
SQL: UPDATE `cms_admin` SET `lastlogintime`='1539263488' WHERE ( admin_id=1 ) [ RunTime:0.0002s ]

[ 2018-10-11T21:11:30+08:00 ] 127.0.0.1 /admin.php?c=index
INFO: [ app_init ] --START--
INFO: Run Behavior\BuildLiteBehavior [ RunTime:0.000015s ]
INFO: [ app_init ] --END-- [ RunTime:0.000599s ]
INFO: [ app_begin ] --START--
INFO: Run Behavior\ReadHtmlCacheBehavior [ RunTime:0.000511s ]
INFO: [ app_begin ] --END-- [ RunTime:0.000551s ]
NOTIC: [2048] Declaration of Common\Model\NewsModel::find() should be compatible with Think\Model::find($options = Array) F:\phpstudy\PHPTutorial\WWW\news\Application\Common\Model\NewsModel.class.php 第 9 行.
SQL: SHOW COLUMNS FROM `cms_news` [ RunTime:0.0152s ]
SQL: SELECT * FROM `cms_news` WHERE `status` = 1 ORDER BY count desc LIMIT 1   [ RunTime:0.0004s ]
SQL: SELECT COUNT(*) AS tp_count FROM `cms_news` WHERE `status` <> -1 LIMIT 1   [ RunTime:0.0002s ]
NOTIC: [2048] Declaration of Common\Model\PositionModel::find() should be compatible with Think\Model::find($options = Array) F:\phpstudy\PHPTutorial\WWW\news\Application\Common\Model\PositionModel.class.php 第 81 行.
SQL: SHOW COLUMNS FROM `cms_position` [ RunTime:0.0318s ]
SQL: SELECT COUNT(*) AS tp_count FROM `cms_position` WHERE `status` = 1 LIMIT 1   [ RunTime:0.0003s ]
SQL: SHOW COLUMNS FROM `cms_admin` [ RunTime:0.0094s ]
SQL: SELECT COUNT(*) AS tp_count FROM `cms_admin` WHERE `status` = 1 AND `lastlogintime` > 1539187200 LIMIT 1   [ RunTime:0.0003s ]
NOTIC: [2] Illegal string offset 'tp_count' F:\phpstudy\PHPTutorial\WWW\news\Application\Common\Model\AdminModel.class.php 第 75 行.
INFO: [ view_parse ] --START--
INFO: [ template_filter ] --START--
INFO: Run Behavior\ContentReplaceBehavior [ RunTime:0.000035s ]
INFO: [ template_filter ] --END-- [ RunTime:0.000062s ]
NOTIC: [2048] Declaration of Common\Model\MenuModel::find() should be compatible with Think\Model::find($options = Array) F:\phpstudy\PHPTutorial\WWW\news\Application\Common\Model\MenuModel.class.php 第 92 行.
SQL: SHOW COLUMNS FROM `cms_menu` [ RunTime:0.0074s ]
SQL: SELECT * FROM `cms_menu` WHERE `status` <> -1 AND `type` = 1 ORDER BY listorder desc,menu_id desc  [ RunTime:0.0003s ]
NOTIC: [8] Undefined index: a F:\phpstudy\PHPTutorial\WWW\news\Application\Common\Common\function.php 第 33 行.
NOTIC: [8] Undefined index: a F:\phpstudy\PHPTutorial\WWW\news\Application\Common\Common\function.php 第 33 行.
NOTIC: [8] Undefined index: a F:\phpstudy\PHPTutorial\WWW\news\Application\Common\Common\function.php 第 33 行.
NOTIC: [8] Undefined index: a F:\phpstudy\PHPTutorial\WWW\news\Application\Common\Common\function.php 第 33 行.
NOTIC: [8] Undefined index: a F:\phpstudy\PHPTutorial\WWW\news\Application\Common\Common\function.php 第 33 行.
NOTIC: [8] Undefined index: a F:\phpstudy\PHPTutorial\WWW\news\Application\Common\Common\function.php 第 33 行.
INFO: Run Behavior\ParseTemplateBehavior [ RunTime:0.038252s ]
INFO: [ view_parse ] --END-- [ RunTime:0.038282s ]
INFO: [ view_filter ] --START--
INFO: Run Behavior\WriteHtmlCacheBehavior [ RunTime:0.000414s ]
INFO: [ view_filter ] --END-- [ RunTime:0.000437s ]
INFO: [ app_end ] --START--
INFO: Run Behavior\ShowPageTraceBehavior [ RunTime:0.000482s ]
INFO: [ app_end ] --END-- [ RunTime:0.000510s ]

[ 2018-10-11T21:11:32+08:00 ] 127.0.0.1 /admin.php?c=menu
INFO: [ app_init ] --START--
INFO: Run Behavior\BuildLiteBehavior [ RunTime:0.000009s ]
INFO: [ app_init ] --END-- [ RunTime:0.000290s ]
INFO: [ app_begin ] --START--
INFO: Run Behavior\ReadHtmlCacheBehavior [ RunTime:0.000449s ]
INFO: [ app_begin ] --END-- [ RunTime:0.000480s ]
NOTIC: [2048] Declaration of Admin\Controller\MenuController::setStatus() should be compatible with Admin\Controller\CommonController::setStatus($data, $models) F:\phpstudy\PHPTutorial\WWW\news\Application\Admin\Controller\MenuController.class.php 第 9 行.
NOTIC: [2048] Declaration of Admin\Controller\MenuController::listorder() should be compatible with Admin\Controller\CommonController::listorder($model = '') F:\phpstudy\PHPTutorial\WWW\news\Application\Admin\Controller\MenuController.class.php 第 9 行.
NOTIC: [8] Undefined index: p F:\phpstudy\PHPTutorial\WWW\news\Application\Admin\Controller\MenuController.class.php 第 51 行.
NOTIC: [8] Undefined index: pageSize F:\phpstudy\PHPTutorial\WWW\news\Application\Admin\Controller\MenuController.class.php 第 52 行.
NOTIC: [2048] Declaration of Common\Model\MenuModel::find() should be compatible with Think\Model::find($options = Array) F:\phpstudy\PHPTutorial\WWW\news\Application\Common\Model\MenuModel.class.php 第 5 行.
SQL: SHOW COLUMNS FROM `cms_menu` [ RunTime:0.0110s ]
SQL: SELECT * FROM `cms_menu` WHERE `status` <> -1 ORDER BY listorder desc,menu_id desc LIMIT 0,3   [ RunTime:0.0002s ]
SQL: SELECT COUNT(*) AS tp_count FROM `cms_menu` WHERE `status` <> -1 LIMIT 1   [ RunTime:0.0001s ]
NOTIC: [8] Undefined variable: sing_path F:\phpstudy\PHPTutorial\WWW\news\ThinkPHP\Common\functions.php 第 991 行.
INFO: [ view_parse ] --START--
INFO: [ template_filter ] --START--
INFO: Run Behavior\ContentReplaceBehavior [ RunTime:0.000057s ]
INFO: [ template_filter ] --END-- [ RunTime:0.000107s ]
SQL: SELECT * FROM `cms_menu` WHERE `status` <> -1 AND `type` = 1 ORDER BY listorder desc,menu_id desc  [ RunTime:0.0003s ]
NOTIC: [8] Undefined index: a F:\phpstudy\PHPTutorial\WWW\news\Application\Common\Common\function.php 第 33 行.
NOTIC: [8] Undefined index: a F:\phpstudy\PHPTutorial\WWW\news\Application\Common\Common\function.php 第 33 行.
NOTIC: [8] Undefined index: a F:\phpstudy\PHPTutorial\WWW\news\Application\Common\Common\function.php 第 33 行.
NOTIC: [8] Undefined index: a F:\phpstudy\PHPTutorial\WWW\news\Application\Common\Common\function.php 第 33 行.
NOTIC: [8] Undefined index: a F:\phpstudy\PHPTutorial\WWW\news\Application\Common\Common\function.php 第 33 行.
NOTIC: [8] Undefined index: a F:\phpstudy\PHPTutorial\WWW\news\Application\Common\Common\function.php 第 33 行.
NOTIC: [8] Undefined variable: nav F:\phpstudy\PHPTutorial\WWW\news\Application\Runtime\Cache\Admin\b956215329b6f9aca22277599a4efdfc.php 第 101 行.
INFO: Run Behavior\ParseTemplateBehavior [ RunTime:0.035077s ]
INFO: [ view_parse ] --END-- [ RunTime:0.035101s ]
INFO: [ view_filter ] --START--
INFO: Run Behavior\WriteHtmlCacheBehavior [ RunTime:0.000387s ]
INFO: [ view_filter ] --END-- [ RunTime:0.000407s ]
INFO: [ app_end ] --START--
INFO: Run Behavior\ShowPageTraceBehavior [ RunTime:0.000690s ]
INFO: [ app_end ] --END-- [ RunTime:0.000730s ]

[ 2018-10-11T21:11:33+08:00 ] 127.0.0.1 /admin.php
INFO: [ app_init ] --START--
INFO: Run Behavior\BuildLiteBehavior [ RunTime:0.000009s ]
INFO: [ app_init ] --END-- [ RunTime:0.000294s ]
INFO: [ app_begin ] --START--
INFO: Run Behavior\ReadHtmlCacheBehavior [ RunTime:0.000444s ]
INFO: [ app_begin ] --END-- [ RunTime:0.000472s ]
NOTIC: [2048] Declaration of Common\Model\NewsModel::find() should be compatible with Think\Model::find($options = Array) F:\phpstudy\PHPTutorial\WWW\news\Application\Common\Model\NewsModel.class.php 第 9 行.
SQL: SHOW COLUMNS FROM `cms_news` [ RunTime:0.0098s ]
SQL: SELECT * FROM `cms_news` WHERE `status` = 1 ORDER BY count desc LIMIT 1   [ RunTime:0.0003s ]
SQL: SELECT COUNT(*) AS tp_count FROM `cms_news` WHERE `status` <> -1 LIMIT 1   [ RunTime:0.0002s ]
NOTIC: [2048] Declaration of Common\Model\PositionModel::find() should be compatible with Think\Model::find($options = Array) F:\phpstudy\PHPTutorial\WWW\news\Application\Common\Model\PositionModel.class.php 第 81 行.
SQL: SHOW COLUMNS FROM `cms_position` [ RunTime:0.0077s ]
SQL: SELECT COUNT(*) AS tp_count FROM `cms_position` WHERE `status` = 1 LIMIT 1   [ RunTime:0.0002s ]
SQL: SHOW COLUMNS FROM `cms_admin` [ RunTime:0.0075s ]
SQL: SELECT COUNT(*) AS tp_count FROM `cms_admin` WHERE `status` = 1 AND `lastlogintime` > 1539187200 LIMIT 1   [ RunTime:0.0003s ]
NOTIC: [2] Illegal string offset 'tp_count' F:\phpstudy\PHPTutorial\WWW\news\Application\Common\Model\AdminModel.class.php 第 75 行.
INFO: [ view_parse ] --START--
INFO: [ template_filter ] --START--
INFO: Run Behavior\ContentReplaceBehavior [ RunTime:0.000036s ]
INFO: [ template_filter ] --END-- [ RunTime:0.000064s ]
NOTIC: [2048] Declaration of Common\Model\MenuModel::find() should be compatible with Think\Model::find($options = Array) F:\phpstudy\PHPTutorial\WWW\news\Application\Common\Model\MenuModel.class.php 第 92 行.
SQL: SHOW COLUMNS FROM `cms_menu` [ RunTime:0.0086s ]
SQL: SELECT * FROM `cms_menu` WHERE `status` <> -1 AND `type` = 1 ORDER BY listorder desc,menu_id desc  [ RunTime:0.0003s ]
NOTIC: [8] Undefined index: a F:\phpstudy\PHPTutorial\WWW\news\Application\Common\Common\function.php 第 33 行.
NOTIC: [8] Undefined index: a F:\phpstudy\PHPTutorial\WWW\news\Application\Common\Common\function.php 第 33 行.
NOTIC: [8] Undefined index: a F:\phpstudy\PHPTutorial\WWW\news\Application\Common\Common\function.php 第 33 行.
NOTIC: [8] Undefined index: a F:\phpstudy\PHPTutorial\WWW\news\Application\Common\Common\function.php 第 33 行.
NOTIC: [8] Undefined index: a F:\phpstudy\PHPTutorial\WWW\news\Application\Common\Common\function.php 第 33 行.
NOTIC: [8] Undefined index: a F:\phpstudy\PHPTutorial\WWW\news\Application\Common\Common\function.php 第 33 行.
INFO: Run Behavior\ParseTemplateBehavior [ RunTime:0.028133s ]
INFO: [ view_parse ] --END-- [ RunTime:0.028156s ]
INFO: [ view_filter ] --START--
INFO: Run Behavior\WriteHtmlCacheBehavior [ RunTime:0.000403s ]
INFO: [ view_filter ] --END-- [ RunTime:0.000426s ]
INFO: [ app_end ] --START--
INFO: Run Behavior\ShowPageTraceBehavior [ RunTime:0.000470s ]
INFO: [ app_end ] --END-- [ RunTime:0.000495s ]

[ 2018-10-11T21:11:36+08:00 ] 127.0.0.1 /admin.php?c=content&a=index
INFO: [ app_init ] --START--
INFO: Run Behavior\BuildLiteBehavior [ RunTime:0.000013s ]
INFO: [ app_init ] --END-- [ RunTime:0.000450s ]
INFO: [ app_begin ] --START--
INFO: Run Behavior\ReadHtmlCacheBehavior [ RunTime:0.000855s ]
INFO: [ app_begin ] --END-- [ RunTime:0.000906s ]
NOTIC: [2048] Declaration of Admin\Controller\ContentController::setStatus() should be compatible with Admin\Controller\CommonController::setStatus($data, $models) F:\phpstudy\PHPTutorial\WWW\news\Application\Admin\Controller\ContentController.class.php 第 12 行.
NOTIC: [2048] Declaration of Admin\Controller\ContentController::listorder() should be compatible with Admin\Controller\CommonController::listorder($model = '') F:\phpstudy\PHPTutorial\WWW\news\Application\Admin\Controller\ContentController.class.php 第 12 行.
NOTIC: [8] Undefined index: title F:\phpstudy\PHPTutorial\WWW\news\Application\Admin\Controller\ContentController.class.php 第 16 行.
NOTIC: [8] Undefined index: catid F:\phpstudy\PHPTutorial\WWW\news\Application\Admin\Controller\ContentController.class.php 第 20 行.
NOTIC: [8] Undefined index: p F:\phpstudy\PHPTutorial\WWW\news\Application\Admin\Controller\ContentController.class.php 第 24 行.
NOTIC: [2048] Declaration of Common\Model\NewsModel::find() should be compatible with Think\Model::find($options = Array) F:\phpstudy\PHPTutorial\WWW\news\Application\Common\Model\NewsModel.class.php 第 9 行.
SQL: SHOW COLUMNS FROM `cms_news` [ RunTime:0.0177s ]
SQL: SELECT * FROM `cms_news` WHERE `status` <> -1 ORDER BY listorder desc ,news_id desc LIMIT 0,10   [ RunTime:0.0003s ]
SQL: SELECT COUNT(*) AS tp_count FROM `cms_news` WHERE `status` <> -1 LIMIT 1   [ RunTime:0.0002s ]
NOTIC: [8] Undefined variable: sing_path F:\phpstudy\PHPTutorial\WWW\news\ThinkPHP\Common\functions.php 第 991 行.
NOTIC: [2048] Declaration of Common\Model\PositionModel::find() should be compatible with Think\Model::find($options = Array) F:\phpstudy\PHPTutorial\WWW\news\Application\Common\Model\PositionModel.class.php 第 81 行.
SQL: SHOW COLUMNS FROM `cms_position` [ RunTime:0.0084s ]
SQL: SELECT * FROM `cms_position` WHERE `status` = 1 ORDER BY id  [ RunTime:0.0002s ]
NOTIC: [2048] Declaration of Common\Model\MenuModel::find() should be compatible with Think\Model::find($options = Array) F:\phpstudy\PHPTutorial\WWW\news\Application\Common\Model\MenuModel.class.php 第 92 行.
SQL: SHOW COLUMNS FROM `cms_menu` [ RunTime:0.0088s ]
SQL: SELECT * FROM `cms_menu` WHERE `status` = 1 AND `type` = 0 ORDER BY listorder desc,menu_id desc  [ RunTime:0.0003s ]
INFO: [ view_parse ] --START--
INFO: [ template_filter ] --START--
INFO: Run Behavior\ContentReplaceBehavior [ RunTime:0.000077s ]
INFO: [ template_filter ] --END-- [ RunTime:0.000137s ]
SQL: SELECT * FROM `cms_menu` WHERE `status` <> -1 AND `type` = 1 ORDER BY listorder desc,menu_id desc  [ RunTime:0.0003s ]
NOTIC: [8] Undefined index: a F:\phpstudy\PHPTutorial\WWW\news\Application\Common\Common\function.php 第 33 行.
NOTIC: [8] Undefined index: a F:\phpstudy\PHPTutorial\WWW\news\Application\Common\Common\function.php 第 33 行.
NOTIC: [8] Undefined index: a F:\phpstudy\PHPTutorial\WWW\news\Application\Common\Common\function.php 第 33 行.
NOTIC: [8] Undefined index: a F:\phpstudy\PHPTutorial\WWW\news\Application\Common\Common\function.php 第 33 行.
NOTIC: [8] Undefined index: a F:\phpstudy\PHPTutorial\WWW\news\Application\Common\Common\function.php 第 33 行.
NOTIC: [8] Undefined index: a F:\phpstudy\PHPTutorial\WWW\news\Application\Common\Common\function.php 第 33 行.
INFO: Run Behavior\ParseTemplateBehavior [ RunTime:0.042703s ]
INFO: [ view_parse ] --END-- [ RunTime:0.042735s ]
INFO: [ view_filter ] --START--
INFO: Run Behavior\WriteHtmlCacheBehavior [ RunTime:0.000398s ]
INFO: [ view_filter ] --END-- [ RunTime:0.000429s ]
INFO: [ app_end ] --START--
INFO: Run Behavior\ShowPageTraceBehavior [ RunTime:0.000664s ]
INFO: [ app_end ] --END-- [ RunTime:0.000695s ]

[ 2018-10-11T21:11:52+08:00 ] 127.0.0.1 /admin.php?c=position
INFO: [ app_init ] --START--
INFO: Run Behavior\BuildLiteBehavior [ RunTime:0.000008s ]
INFO: [ app_init ] --END-- [ RunTime:0.000291s ]
INFO: [ app_begin ] --START--
INFO: Run Behavior\ReadHtmlCacheBehavior [ RunTime:0.000441s ]
INFO: [ app_begin ] --END-- [ RunTime:0.000473s ]
NOTIC: [2048] Declaration of Admin\Controller\PositionController::setStatus() should be compatible with Admin\Controller\CommonController::setStatus($data, $models) F:\phpstudy\PHPTutorial\WWW\news\Application\Admin\Controller\PositionController.class.php 第 7 行.
NOTIC: [2048] Declaration of Common\Model\PositionModel::find() should be compatible with Think\Model::find($options = Array) F:\phpstudy\PHPTutorial\WWW\news\Application\Common\Model\PositionModel.class.php 第 9 行.
SQL: SHOW COLUMNS FROM `cms_position` [ RunTime:0.0246s ]
SQL: SELECT * FROM `cms_position` WHERE `status` <> -1 ORDER BY id  [ RunTime:0.0002s ]
INFO: [ view_parse ] --START--
INFO: [ template_filter ] --START--
INFO: Run Behavior\ContentReplaceBehavior [ RunTime:0.000035s ]
INFO: [ template_filter ] --END-- [ RunTime:0.000064s ]
NOTIC: [2048] Declaration of Common\Model\MenuModel::find() should be compatible with Think\Model::find($options = Array) F:\phpstudy\PHPTutorial\WWW\news\Application\Common\Model\MenuModel.class.php 第 92 行.
SQL: SHOW COLUMNS FROM `cms_menu` [ RunTime:0.0067s ]
SQL: SELECT * FROM `cms_menu` WHERE `status` <> -1 AND `type` = 1 ORDER BY listorder desc,menu_id desc  [ RunTime:0.0002s ]
NOTIC: [8] Undefined index: a F:\phpstudy\PHPTutorial\WWW\news\Application\Common\Common\function.php 第 33 行.
NOTIC: [8] Undefined index: a F:\phpstudy\PHPTutorial\WWW\news\Application\Common\Common\function.php 第 33 行.
NOTIC: [8] Undefined index: a F:\phpstudy\PHPTutorial\WWW\news\Application\Common\Common\function.php 第 33 行.
NOTIC: [8] Undefined index: a F:\phpstudy\PHPTutorial\WWW\news\Application\Common\Common\function.php 第 33 行.
NOTIC: [8] Undefined index: a F:\phpstudy\PHPTutorial\WWW\news\Application\Common\Common\function.php 第 33 行.
NOTIC: [8] Undefined index: a F:\phpstudy\PHPTutorial\WWW\news\Application\Common\Common\function.php 第 33 行.
INFO: Run Behavior\ParseTemplateBehavior [ RunTime:0.051999s ]
INFO: [ view_parse ] --END-- [ RunTime:0.052045s ]
INFO: [ view_filter ] --START--
INFO: Run Behavior\WriteHtmlCacheBehavior [ RunTime:0.000576s ]
INFO: [ view_filter ] --END-- [ RunTime:0.000616s ]
INFO: [ app_end ] --START--
INFO: Run Behavior\ShowPageTraceBehavior [ RunTime:0.002968s ]
INFO: [ app_end ] --END-- [ RunTime:0.003010s ]

[ 2018-10-11T21:11:53+08:00 ] 127.0.0.1 /admin.php?c=positioncontent
INFO: [ app_init ] --START--
INFO: Run Behavior\BuildLiteBehavior [ RunTime:0.000008s ]
INFO: [ app_init ] --END-- [ RunTime:0.000294s ]
INFO: [ app_begin ] --START--
INFO: Run Behavior\ReadHtmlCacheBehavior [ RunTime:0.000441s ]
INFO: [ app_begin ] --END-- [ RunTime:0.000472s ]
NOTIC: [2048] Declaration of Admin\Controller\PositioncontentController::setStatus() should be compatible with Admin\Controller\CommonController::setStatus($data, $models) F:\phpstudy\PHPTutorial\WWW\news\Application\Admin\Controller\PositioncontentController.class.php 第 9 行.
NOTIC: [2048] Declaration of Admin\Controller\PositioncontentController::listorder() should be compatible with Admin\Controller\CommonController::listorder($model = '') F:\phpstudy\PHPTutorial\WWW\news\Application\Admin\Controller\PositioncontentController.class.php 第 9 行.
NOTIC: [2048] Declaration of Common\Model\PositionModel::find() should be compatible with Think\Model::find($options = Array) F:\phpstudy\PHPTutorial\WWW\news\Application\Common\Model\PositionModel.class.php 第 9 行.
SQL: SHOW COLUMNS FROM `cms_position` [ RunTime:0.0101s ]
SQL: SELECT * FROM `cms_position` WHERE `status` = 1 ORDER BY id  [ RunTime:0.0003s ]
NOTIC: [8] Undefined index: title F:\phpstudy\PHPTutorial\WWW\news\Application\Admin\Controller\PositioncontentController.class.php 第 14 行.
NOTIC: [8] Undefined index: position_id F:\phpstudy\PHPTutorial\WWW\news\Application\Admin\Controller\PositioncontentController.class.php 第 18 行.
NOTIC: [2048] Declaration of Common\Model\PositionContentModel::find() should be compatible with Think\Model::find($options = Array) F:\phpstudy\PHPTutorial\WWW\news\Application\Common\Model\PositionContentModel.class.php 第 89 行.
SQL: SHOW COLUMNS FROM `cms_position_content` [ RunTime:0.0230s ]
NOTIC: [8] Undefined index: title F:\phpstudy\PHPTutorial\WWW\news\Application\Common\Model\PositionContentModel.class.php 第 18 行.
SQL: SELECT * FROM `cms_position_content` WHERE `status` <> -1 AND `position_id` = 2 ORDER BY listorder desc ,id desc  [ RunTime:0.0003s ]
INFO: [ view_parse ] --START--
INFO: [ template_filter ] --START--
INFO: Run Behavior\ContentReplaceBehavior [ RunTime:0.000037s ]
INFO: [ template_filter ] --END-- [ RunTime:0.000063s ]
NOTIC: [2048] Declaration of Common\Model\MenuModel::find() should be compatible with Think\Model::find($options = Array) F:\phpstudy\PHPTutorial\WWW\news\Application\Common\Model\MenuModel.class.php 第 92 行.
SQL: SHOW COLUMNS FROM `cms_menu` [ RunTime:0.0077s ]
SQL: SELECT * FROM `cms_menu` WHERE `status` <> -1 AND `type` = 1 ORDER BY listorder desc,menu_id desc  [ RunTime:0.0003s ]
NOTIC: [8] Undefined index: a F:\phpstudy\PHPTutorial\WWW\news\Application\Common\Common\function.php 第 33 行.
NOTIC: [8] Undefined index: a F:\phpstudy\PHPTutorial\WWW\news\Application\Common\Common\function.php 第 33 行.
NOTIC: [8] Undefined index: a F:\phpstudy\PHPTutorial\WWW\news\Application\Common\Common\function.php 第 33 行.
NOTIC: [8] Undefined index: a F:\phpstudy\PHPTutorial\WWW\news\Application\Common\Common\function.php 第 33 行.
NOTIC: [8] Undefined index: a F:\phpstudy\PHPTutorial\WWW\news\Application\Common\Common\function.php 第 33 行.
NOTIC: [8] Undefined index: a F:\phpstudy\PHPTutorial\WWW\news\Application\Common\Common\function.php 第 33 行.
NOTIC: [8] Undefined variable: title F:\phpstudy\PHPTutorial\WWW\news\Application\Runtime\Cache\Admin\b8a8b9d170e6c07d7b463ea02385894d.php 第 120 行.
INFO: Run Behavior\ParseTemplateBehavior [ RunTime:0.039293s ]
INFO: [ view_parse ] --END-- [ RunTime:0.039319s ]
INFO: [ view_filter ] --START--
INFO: Run Behavior\WriteHtmlCacheBehavior [ RunTime:0.000422s ]
INFO: [ view_filter ] --END-- [ RunTime:0.000443s ]
INFO: [ app_end ] --START--
INFO: Run Behavior\ShowPageTraceBehavior [ RunTime:0.000471s ]
INFO: [ app_end ] --END-- [ RunTime:0.000495s ]

[ 2018-10-11T21:11:54+08:00 ] 127.0.0.1 /admin.php?c=admin
INFO: [ app_init ] --START--
INFO: Run Behavior\BuildLiteBehavior [ RunTime:0.000009s ]
INFO: [ app_init ] --END-- [ RunTime:0.000293s ]
INFO: [ app_begin ] --START--
INFO: Run Behavior\ReadHtmlCacheBehavior [ RunTime:0.000441s ]
INFO: [ app_begin ] --END-- [ RunTime:0.000472s ]
NOTIC: [2048] Declaration of Admin\Controller\AdminController::setStatus() should be compatible with Admin\Controller\CommonController::setStatus($data, $models) F:\phpstudy\PHPTutorial\WWW\news\Application\Admin\Controller\AdminController.class.php 第 9 行.
SQL: SHOW COLUMNS FROM `cms_admin` [ RunTime:0.0114s ]
SQL: SELECT * FROM `cms_admin` WHERE `status` <> -1 ORDER BY admin_id desc  [ RunTime:0.0002s ]
INFO: [ view_parse ] --START--
INFO: [ template_filter ] --START--
INFO: Run Behavior\ContentReplaceBehavior [ RunTime:0.000062s ]
INFO: [ template_filter ] --END-- [ RunTime:0.000112s ]
NOTIC: [2048] Declaration of Common\Model\MenuModel::find() should be compatible with Think\Model::find($options = Array) F:\phpstudy\PHPTutorial\WWW\news\Application\Common\Model\MenuModel.class.php 第 92 行.
SQL: SHOW COLUMNS FROM `cms_menu` [ RunTime:0.0074s ]
SQL: SELECT * FROM `cms_menu` WHERE `status` <> -1 AND `type` = 1 ORDER BY listorder desc,menu_id desc  [ RunTime:0.0003s ]
NOTIC: [8] Undefined index: a F:\phpstudy\PHPTutorial\WWW\news\Application\Common\Common\function.php 第 33 行.
NOTIC: [8] Undefined index: a F:\phpstudy\PHPTutorial\WWW\news\Application\Common\Common\function.php 第 33 行.
NOTIC: [8] Undefined index: a F:\phpstudy\PHPTutorial\WWW\news\Application\Common\Common\function.php 第 33 行.
NOTIC: [8] Undefined index: a F:\phpstudy\PHPTutorial\WWW\news\Application\Common\Common\function.php 第 33 行.
NOTIC: [8] Undefined index: a F:\phpstudy\PHPTutorial\WWW\news\Application\Common\Common\function.php 第 33 行.
NOTIC: [8] Undefined index: a F:\phpstudy\PHPTutorial\WWW\news\Application\Common\Common\function.php 第 33 行.
NOTIC: [8] Undefined variable: nav F:\phpstudy\PHPTutorial\WWW\news\Application\Runtime\Cache\Admin\b682812e058c4f7cab74d08ab9eabe11.php 第 101 行.
INFO: Run Behavior\ParseTemplateBehavior [ RunTime:0.041546s ]
INFO: [ view_parse ] --END-- [ RunTime:0.041582s ]
INFO: [ view_filter ] --START--
INFO: Run Behavior\WriteHtmlCacheBehavior [ RunTime:0.000406s ]
INFO: [ view_filter ] --END-- [ RunTime:0.000428s ]
INFO: [ app_end ] --START--
INFO: Run Behavior\ShowPageTraceBehavior [ RunTime:0.000468s ]
INFO: [ app_end ] --END-- [ RunTime:0.000490s ]

[ 2018-10-11T21:11:55+08:00 ] 127.0.0.1 /admin.php?c=basic
INFO: [ app_init ] --START--
INFO: Run Behavior\BuildLiteBehavior [ RunTime:0.000008s ]
INFO: [ app_init ] --END-- [ RunTime:0.000300s ]
INFO: [ app_begin ] --START--
INFO: Run Behavior\ReadHtmlCacheBehavior [ RunTime:0.000437s ]
INFO: [ app_begin ] --END-- [ RunTime:0.000467s ]
NOTIC: [2048] Declaration of Common\Model\BasicModel::save() should be compatible with Think\Model::save($data = '', $options = Array) F:\phpstudy\PHPTutorial\WWW\news\Application\Common\Model\BasicModel.class.php 第 9 行.
NOTIC: [2048] Declaration of Common\Model\BasicModel::select() should be compatible with Think\Model::select($options = Array) F:\phpstudy\PHPTutorial\WWW\news\Application\Common\Model\BasicModel.class.php 第 9 行.
INFO: [ view_parse ] --START--
INFO: [ template_filter ] --START--
INFO: Run Behavior\ContentReplaceBehavior [ RunTime:0.000031s ]
INFO: [ template_filter ] --END-- [ RunTime:0.000057s ]
NOTIC: [2048] Declaration of Common\Model\MenuModel::find() should be compatible with Think\Model::find($options = Array) F:\phpstudy\PHPTutorial\WWW\news\Application\Common\Model\MenuModel.class.php 第 92 行.
SQL: SHOW COLUMNS FROM `cms_menu` [ RunTime:0.0101s ]
SQL: SELECT * FROM `cms_menu` WHERE `status` <> -1 AND `type` = 1 ORDER BY listorder desc,menu_id desc  [ RunTime:0.0003s ]
NOTIC: [8] Undefined index: a F:\phpstudy\PHPTutorial\WWW\news\Application\Common\Common\function.php 第 33 行.
NOTIC: [8] Undefined index: a F:\phpstudy\PHPTutorial\WWW\news\Application\Common\Common\function.php 第 33 行.
NOTIC: [8] Undefined index: a F:\phpstudy\PHPTutorial\WWW\news\Application\Common\Common\function.php 第 33 行.
NOTIC: [8] Undefined index: a F:\phpstudy\PHPTutorial\WWW\news\Application\Common\Common\function.php 第 33 行.
NOTIC: [8] Undefined index: a F:\phpstudy\PHPTutorial\WWW\news\Application\Common\Common\function.php 第 33 行.
NOTIC: [8] Undefined index: a F:\phpstudy\PHPTutorial\WWW\news\Application\Common\Common\function.php 第 33 行.
INFO: Run Behavior\ParseTemplateBehavior [ RunTime:0.045604s ]
INFO: [ view_parse ] --END-- [ RunTime:0.045645s ]
INFO: [ view_filter ] --START--
INFO: Run Behavior\WriteHtmlCacheBehavior [ RunTime:0.000407s ]
INFO: [ view_filter ] --END-- [ RunTime:0.000428s ]
INFO: [ app_end ] --START--
INFO: Run Behavior\ShowPageTraceBehavior [ RunTime:0.000453s ]
INFO: [ app_end ] --END-- [ RunTime:0.000477s ]

[ 2018-10-11T21:12:02+08:00 ] 127.0.0.1 /admin.php?c=basic&a=cache
INFO: [ app_init ] --START--
INFO: Run Behavior\BuildLiteBehavior [ RunTime:0.000013s ]
INFO: [ app_init ] --END-- [ RunTime:0.000548s ]
INFO: [ app_begin ] --START--
INFO: Run Behavior\ReadHtmlCacheBehavior [ RunTime:0.000594s ]
INFO: [ app_begin ] --END-- [ RunTime:0.000649s ]
INFO: [ view_parse ] --START--
INFO: [ template_filter ] --START--
INFO: Run Behavior\ContentReplaceBehavior [ RunTime:0.000030s ]
INFO: [ template_filter ] --END-- [ RunTime:0.000062s ]
NOTIC: [2048] Declaration of Common\Model\MenuModel::find() should be compatible with Think\Model::find($options = Array) F:\phpstudy\PHPTutorial\WWW\news\Application\Common\Model\MenuModel.class.php 第 5 行.
SQL: SHOW COLUMNS FROM `cms_menu` [ RunTime:0.0095s ]
SQL: SELECT * FROM `cms_menu` WHERE `status` <> -1 AND `type` = 1 ORDER BY listorder desc,menu_id desc  [ RunTime:0.0002s ]
NOTIC: [8] Undefined index: a F:\phpstudy\PHPTutorial\WWW\news\Application\Common\Common\function.php 第 33 行.
NOTIC: [8] Undefined index: a F:\phpstudy\PHPTutorial\WWW\news\Application\Common\Common\function.php 第 33 行.
NOTIC: [8] Undefined index: a F:\phpstudy\PHPTutorial\WWW\news\Application\Common\Common\function.php 第 33 行.
NOTIC: [8] Undefined index: a F:\phpstudy\PHPTutorial\WWW\news\Application\Common\Common\function.php 第 33 行.
NOTIC: [8] Undefined index: a F:\phpstudy\PHPTutorial\WWW\news\Application\Common\Common\function.php 第 33 行.
NOTIC: [8] Undefined index: a F:\phpstudy\PHPTutorial\WWW\news\Application\Common\Common\function.php 第 33 行.
INFO: Run Behavior\ParseTemplateBehavior [ RunTime:0.025543s ]
INFO: [ view_parse ] --END-- [ RunTime:0.025589s ]
INFO: [ view_filter ] --START--
INFO: Run Behavior\WriteHtmlCacheBehavior [ RunTime:0.000342s ]
INFO: [ view_filter ] --END-- [ RunTime:0.000362s ]
INFO: [ app_end ] --START--
INFO: Run Behavior\ShowPageTraceBehavior [ RunTime:0.000405s ]
INFO: [ app_end ] --END-- [ RunTime:0.000430s ]

[ 2018-10-11T21:12:03+08:00 ] 127.0.0.1 /admin.php?c=basic
INFO: [ app_init ] --START--
INFO: Run Behavior\BuildLiteBehavior [ RunTime:0.000013s ]
INFO: [ app_init ] --END-- [ RunTime:0.000526s ]
INFO: [ app_begin ] --START--
INFO: Run Behavior\ReadHtmlCacheBehavior [ RunTime:0.000594s ]
INFO: [ app_begin ] --END-- [ RunTime:0.000644s ]
NOTIC: [2048] Declaration of Common\Model\BasicModel::save() should be compatible with Think\Model::save($data = '', $options = Array) F:\phpstudy\PHPTutorial\WWW\news\Application\Common\Model\BasicModel.class.php 第 9 行.
NOTIC: [2048] Declaration of Common\Model\BasicModel::select() should be compatible with Think\Model::select($options = Array) F:\phpstudy\PHPTutorial\WWW\news\Application\Common\Model\BasicModel.class.php 第 9 行.
INFO: [ view_parse ] --START--
INFO: [ template_filter ] --START--
INFO: Run Behavior\ContentReplaceBehavior [ RunTime:0.000031s ]
INFO: [ template_filter ] --END-- [ RunTime:0.000059s ]
NOTIC: [2048] Declaration of Common\Model\MenuModel::find() should be compatible with Think\Model::find($options = Array) F:\phpstudy\PHPTutorial\WWW\news\Application\Common\Model\MenuModel.class.php 第 92 行.
SQL: SHOW COLUMNS FROM `cms_menu` [ RunTime:0.0129s ]
SQL: SELECT * FROM `cms_menu` WHERE `status` <> -1 AND `type` = 1 ORDER BY listorder desc,menu_id desc  [ RunTime:0.0003s ]
NOTIC: [8] Undefined index: a F:\phpstudy\PHPTutorial\WWW\news\Application\Common\Common\function.php 第 33 行.
NOTIC: [8] Undefined index: a F:\phpstudy\PHPTutorial\WWW\news\Application\Common\Common\function.php 第 33 行.
NOTIC: [8] Undefined index: a F:\phpstudy\PHPTutorial\WWW\news\Application\Common\Common\function.php 第 33 行.
NOTIC: [8] Undefined index: a F:\phpstudy\PHPTutorial\WWW\news\Application\Common\Common\function.php 第 33 行.
NOTIC: [8] Undefined index: a F:\phpstudy\PHPTutorial\WWW\news\Application\Common\Common\function.php 第 33 行.
NOTIC: [8] Undefined index: a F:\phpstudy\PHPTutorial\WWW\news\Application\Common\Common\function.php 第 33 行.
INFO: Run Behavior\ParseTemplateBehavior [ RunTime:0.034949s ]
INFO: [ view_parse ] --END-- [ RunTime:0.034986s ]
INFO: [ view_filter ] --START--
INFO: Run Behavior\WriteHtmlCacheBehavior [ RunTime:0.000347s ]
INFO: [ view_filter ] --END-- [ RunTime:0.000368s ]
INFO: [ app_end ] --START--
INFO: Run Behavior\ShowPageTraceBehavior [ RunTime:0.000380s ]
INFO: [ app_end ] --END-- [ RunTime:0.000403s ]

[ 2018-10-11T21:12:04+08:00 ] 127.0.0.1 /admin.php?c=basic&a=add
INFO: [ app_init ] --START--
INFO: Run Behavior\BuildLiteBehavior [ RunTime:0.000015s ]
INFO: [ app_init ] --END-- [ RunTime:0.000402s ]
INFO: [ app_begin ] --START--
INFO: Run Behavior\ReadHtmlCacheBehavior [ RunTime:0.000385s ]
INFO: [ app_begin ] --END-- [ RunTime:0.000417s ]
NOTIC: [2048] Declaration of Common\Model\BasicModel::save() should be compatible with Think\Model::save($data = '', $options = Array) F:\phpstudy\PHPTutorial\WWW\news\Application\Common\Model\BasicModel.class.php 第 9 行.
NOTIC: [2048] Declaration of Common\Model\BasicModel::select() should be compatible with Think\Model::select($options = Array) F:\phpstudy\PHPTutorial\WWW\news\Application\Common\Model\BasicModel.class.php 第 9 行.

[ 2018-10-11T21:12:05+08:00 ] 127.0.0.1 /admin.php?c=basic
INFO: [ app_init ] --START--
INFO: Run Behavior\BuildLiteBehavior [ RunTime:0.000009s ]
INFO: [ app_init ] --END-- [ RunTime:0.000326s ]
INFO: [ app_begin ] --START--
INFO: Run Behavior\ReadHtmlCacheBehavior [ RunTime:0.000380s ]
INFO: [ app_begin ] --END-- [ RunTime:0.000410s ]
NOTIC: [2048] Declaration of Common\Model\BasicModel::save() should be compatible with Think\Model::save($data = '', $options = Array) F:\phpstudy\PHPTutorial\WWW\news\Application\Common\Model\BasicModel.class.php 第 9 行.
NOTIC: [2048] Declaration of Common\Model\BasicModel::select() should be compatible with Think\Model::select($options = Array) F:\phpstudy\PHPTutorial\WWW\news\Application\Common\Model\BasicModel.class.php 第 9 行.
INFO: [ view_parse ] --START--
INFO: [ template_filter ] --START--
INFO: Run Behavior\ContentReplaceBehavior [ RunTime:0.000047s ]
INFO: [ template_filter ] --END-- [ RunTime:0.000089s ]
NOTIC: [2048] Declaration of Common\Model\MenuModel::find() should be compatible with Think\Model::find($options = Array) F:\phpstudy\PHPTutorial\WWW\news\Application\Common\Model\MenuModel.class.php 第 92 行.
SQL: SHOW COLUMNS FROM `cms_menu` [ RunTime:0.0101s ]
SQL: SELECT * FROM `cms_menu` WHERE `status` <> -1 AND `type` = 1 ORDER BY listorder desc,menu_id desc  [ RunTime:0.0002s ]
NOTIC: [8] Undefined index: a F:\phpstudy\PHPTutorial\WWW\news\Application\Common\Common\function.php 第 33 行.
NOTIC: [8] Undefined index: a F:\phpstudy\PHPTutorial\WWW\news\Application\Common\Common\function.php 第 33 行.
NOTIC: [8] Undefined index: a F:\phpstudy\PHPTutorial\WWW\news\Application\Common\Common\function.php 第 33 行.
NOTIC: [8] Undefined index: a F:\phpstudy\PHPTutorial\WWW\news\Application\Common\Common\function.php 第 33 行.
NOTIC: [8] Undefined index: a F:\phpstudy\PHPTutorial\WWW\news\Application\Common\Common\function.php 第 33 行.
NOTIC: [8] Undefined index: a F:\phpstudy\PHPTutorial\WWW\news\Application\Common\Common\function.php 第 33 行.
INFO: Run Behavior\ParseTemplateBehavior [ RunTime:0.024609s ]
INFO: [ view_parse ] --END-- [ RunTime:0.024641s ]
INFO: [ view_filter ] --START--
INFO: Run Behavior\WriteHtmlCacheBehavior [ RunTime:0.000348s ]
INFO: [ view_filter ] --END-- [ RunTime:0.000368s ]
INFO: [ app_end ] --START--
INFO: Run Behavior\ShowPageTraceBehavior [ RunTime:0.000387s ]
INFO: [ app_end ] --END-- [ RunTime:0.000412s ]

